<?xml version="1.0" encoding="UTF-8"?>
<!-- Generated by org.testng.reporters.JUnitReportReporter -->
<testsuite skipped="0" hostname="ENCDTH071" name="Project1.PropertyTestNG" tests="1" failures="0" timestamp="18 Sep 2018 11:09:02 GMT" time="0.034" errors="0">
  <testcase name="ReadProperty" time="0.034" classname="Project1.PropertyTestNG"/>
</testsuite> <!-- Project1.PropertyTestNG -->
